Using pre-set license
Built from '2020.2/staging' branch; Version is '2020.2.6f1 (8a2143876886) revision 9052483'; Using compiler version '192528614'; Build Type 'Release'
OS: 'Windows 10 Pro; OS build 18363.1379; Version 1909; 64bit' Language: 'ru' Physical Memory: 8001 MB
BatchMode: 1, IsHumanControllingUs: 0, StartBugReporterOnCrash: 0, Is64bit: 1, IsPro: 0

 COMMAND LINE ARGUMENTS:
C:\Program Files\Unity\Hub\Editor\2020.2.6f1\Editor\Unity.exe
-adb2
-batchMode
-noUpm
-name
AssetImportWorker0
-projectPath
D:/SSD/SSD_GAME
-logFile
Logs/AssetImportWorker0.log
-srvPort
57145
Successfully changed project path to: D:/SSD/SSD_GAME
D:/SSD/SSD_GAME
Using Asset Import Pipeline V2.
Refreshing native plugins compatible for Editor in 126.64 ms, found 0 plugins.
Preloading 0 native plugins for Editor in 0.00 ms.
Initialize engine version: 2020.2.6f1 (8a2143876886)
[Subsystems] Discovering subsystems at path C:/Program Files/Unity/Hub/Editor/2020.2.6f1/Editor/Data/Resources/UnitySubsystems
[Subsystems] Discovering subsystems at path D:/SSD/SSD_GAME/Assets
GfxDevice: creating device client; threaded=0
Direct3D:
    Version:  Direct3D 11.0 [level 11.1]
    Renderer: NVIDIA GeForce GTX 1050 (ID=0x1c8d)
    Vendor:   
    VRAM:     1977 MB
    Driver:   27.21.14.5167
Initialize mono
Mono path[0] = 'C:/Program Files/Unity/Hub/Editor/2020.2.6f1/Editor/Data/Managed'
Mono path[1] = 'C:/Program Files/Unity/Hub/Editor/2020.2.6f1/Editor/Data/MonoBleedingEdge/lib/mono/unityjit'
Mono config path = 'C:/Program Files/Unity/Hub/Editor/2020.2.6f1/Editor/Data/MonoBleedingEdge/etc'
Using monoOptions --debugger-agent=transport=dt_socket,embedding=1,server=y,suspend=n,address=127.0.0.1:56760
Begin MonoManager ReloadAssembly
Registering precompiled unity dll's ...
Register platform support module: C:/Program Files/Unity/Hub/Editor/2020.2.6f1/Editor/Data/PlaybackEngines/WindowsStandaloneSupport/UnityEditor.WindowsStandalone.Extensions.dll
Registered in 0.007656 seconds.
Native extension for WindowsStandalone target not found
Refreshing native plugins compatible for Editor in 124.95 ms, found 0 plugins.
Preloading 0 native plugins for Editor in 0.00 ms.
Invoked RoslynAnalysisRunner static constructor.
RoslynAnalysisRunner will not be running.
RoslynAnalysisRunner has terminated.
Mono: successfully reloaded assembly
- Completed reload, in  5.089 seconds
Platform modules already initialized, skipping
Registering precompiled user dll's ...
Registered in 0.001958 seconds.
Begin MonoManager ReloadAssembly
Native extension for WindowsStandalone target not found
Refreshing native plugins compatible for Editor in 0.76 ms, found 0 plugins.
Preloading 0 native plugins for Editor in 0.00 ms.
Invoked RoslynAnalysisRunner static constructor.
RoslynAnalysisRunner will not be running.
RoslynAnalysisRunner has terminated.
Mono: successfully reloaded assembly
- Completed reload, in  4.470 seconds
Platform modules already initialized, skipping
========================================================================
Worker process is ready to serve import requests
Launched and connected shader compiler UnityShaderCompiler.exe after 0.24 seconds
Refreshing native plugins compatible for Editor in 1.11 ms, found 0 plugins.
Preloading 0 native plugins for Editor in 0.00 ms.
Unloading 1107 Unused Serialized files (Serialized files now loaded: 0)
System memory in use before: 56.9 MB.
System memory in use after: 57.0 MB.

Unloading 11 unused Assets to reduce memory usage. Loaded Objects now: 1547.
Total: 5.999600 ms (FindLiveObjects: 0.496400 ms CreateObjectMapping: 0.214700 ms MarkObjects: 5.014900 ms  DeleteObjects: 0.270500 ms)

========================================================================
Received Import Request.
  path: Assets/Models/Assets
  artifactKey: Guid(140c10532bd6ab14fb35bbd088aedda2) Importer(815301076,1909f56bfc062723c751e8b465ee728b)
Start importing Assets/Models/Assets using Guid(140c10532bd6ab14fb35bbd088aedda2) Importer(815301076,1909f56bfc062723c751e8b465ee728b)  -> (artifact id: '5bc1ce61ecff744aec8aae5cf5f8a25b') in 0.034211 seconds
  Import took 0.043341 seconds .

========================================================================
Received Import Request.
  Time since last request: 0.000803 seconds.
  path: Assets/Models
  artifactKey: Guid(10d03cc9060fda14bb881fdc7fd6c208) Importer(815301076,1909f56bfc062723c751e8b465ee728b)
Start importing Assets/Models using Guid(10d03cc9060fda14bb881fdc7fd6c208) Importer(815301076,1909f56bfc062723c751e8b465ee728b)  -> (artifact id: '78545bc659fb253bf9feba084c03d2b5') in 0.024533 seconds
  Import took 0.034711 seconds .

========================================================================
Received Prepare
Refreshing native plugins compatible for Editor in 4.25 ms, found 0 plugins.
Preloading 0 native plugins for Editor in 0.00 ms.
Unloading 4 Unused Serialized files (Serialized files now loaded: 0)
System memory in use before: 35.0 MB.
System memory in use after: 35.0 MB.

Unloading 4 unused Assets to reduce memory usage. Loaded Objects now: 1547.
Total: 7.785000 ms (FindLiveObjects: 0.393600 ms CreateObjectMapping: 0.121800 ms MarkObjects: 7.101500 ms  DeleteObjects: 0.163100 ms)

========================================================================
Received Import Request.
  Time since last request: 447.365315 seconds.
  path: Assets/Scripts/PlayerController.cs
  artifactKey: Guid(bcc280a09ace1d949bee00c63077c130) Importer(815301076,1909f56bfc062723c751e8b465ee728b)
Start importing Assets/Scripts/PlayerController.cs using Guid(bcc280a09ace1d949bee00c63077c130) Importer(815301076,1909f56bfc062723c751e8b465ee728b)  -> (artifact id: '16c43542b8f8399f28c5a4ac265aae11') in 0.215714 seconds
  Import took 0.227289 seconds .

========================================================================
Received Import Request.
  Time since last request: 0.930274 seconds.
  path: Assets/Scripts/PlayerController.cs
  artifactKey: Guid(bcc280a09ace1d949bee00c63077c130) Importer(815301076,1909f56bfc062723c751e8b465ee728b)
Start importing Assets/Scripts/PlayerController.cs using Guid(bcc280a09ace1d949bee00c63077c130) Importer(815301076,1909f56bfc062723c751e8b465ee728b)  -> (artifact id: '16c43542b8f8399f28c5a4ac265aae11') in 0.038323 seconds
  Import took 0.052693 seconds .

========================================================================
Received Prepare
Registering precompiled user dll's ...
Registered in 0.002796 seconds.
Begin MonoManager ReloadAssembly
Native extension for WindowsStandalone target not found
Refreshing native plugins compatible for Editor in 0.93 ms, found 0 plugins.
Preloading 0 native plugins for Editor in 0.00 ms.
Invoked RoslynAnalysisRunner static constructor.
RoslynAnalysisRunner will not be running.
RoslynAnalysisRunner has terminated.
Mono: successfully reloaded assembly
- Completed reload, in  4.720 seconds
Platform modules already initialized, skipping
Refreshing native plugins compatible for Editor in 1.81 ms, found 0 plugins.
Preloading 0 native plugins for Editor in 0.00 ms.
Unloading 1102 Unused Serialized files (Serialized files now loaded: 0)
System memory in use before: 56.9 MB.
System memory in use after: 57.0 MB.

Unloading 6 unused Assets to reduce memory usage. Loaded Objects now: 1549.
Total: 8.197200 ms (FindLiveObjects: 0.357700 ms CreateObjectMapping: 0.123200 ms MarkObjects: 7.476600 ms  DeleteObjects: 0.236200 ms)

========================================================================
Received Prepare
Registering precompiled user dll's ...
Registered in 0.013928 seconds.
Begin MonoManager ReloadAssembly
Native extension for WindowsStandalone target not found
Refreshing native plugins compatible for Editor in 0.73 ms, found 0 plugins.
Preloading 0 native plugins for Editor in 0.00 ms.
Invoked RoslynAnalysisRunner static constructor.
RoslynAnalysisRunner will not be running.
RoslynAnalysisRunner has terminated.
Mono: successfully reloaded assembly
- Completed reload, in  4.318 seconds
Platform modules already initialized, skipping
Refreshing native plugins compatible for Editor in 1.12 ms, found 0 plugins.
Preloading 0 native plugins for Editor in 0.00 ms.
Unloading 1102 Unused Serialized files (Serialized files now loaded: 0)
System memory in use before: 56.9 MB.
System memory in use after: 57.0 MB.

Unloading 6 unused Assets to reduce memory usage. Loaded Objects now: 1551.
Total: 9.058700 ms (FindLiveObjects: 0.545800 ms CreateObjectMapping: 0.224900 ms MarkObjects: 8.031000 ms  DeleteObjects: 0.252800 ms)

========================================================================
Received Import Request.
  Time since last request: 79.980462 seconds.
  path: Assets/Scripts/PlayerController.cs
  artifactKey: Guid(bcc280a09ace1d949bee00c63077c130) Importer(815301076,1909f56bfc062723c751e8b465ee728b)
Start importing Assets/Scripts/PlayerController.cs using Guid(bcc280a09ace1d949bee00c63077c130) Importer(815301076,1909f56bfc062723c751e8b465ee728b)  -> (artifact id: '2cf994160c56f36ddb73876accacf6ae') in 0.016154 seconds
  Import took 0.025512 seconds .

========================================================================
Received Import Request.
  Time since last request: 8.524493 seconds.
  path: Assets/Scripts/PlayerController.cs
  artifactKey: Guid(bcc280a09ace1d949bee00c63077c130) Importer(815301076,1909f56bfc062723c751e8b465ee728b)
Start importing Assets/Scripts/PlayerController.cs using Guid(bcc280a09ace1d949bee00c63077c130) Importer(815301076,1909f56bfc062723c751e8b465ee728b)  -> (artifact id: '2cf994160c56f36ddb73876accacf6ae') in 0.011944 seconds
  Import took 0.023366 seconds .

========================================================================
Received Prepare
Registering precompiled user dll's ...
Registered in 0.002873 seconds.
Begin MonoManager ReloadAssembly
Native extension for WindowsStandalone target not found
Refreshing native plugins compatible for Editor in 1.06 ms, found 0 plugins.
Preloading 0 native plugins for Editor in 0.00 ms.
Invoked RoslynAnalysisRunner static constructor.
RoslynAnalysisRunner will not be running.
RoslynAnalysisRunner has terminated.
Mono: successfully reloaded assembly
- Completed reload, in  4.718 seconds
Platform modules already initialized, skipping
Refreshing native plugins compatible for Editor in 0.71 ms, found 0 plugins.
Preloading 0 native plugins for Editor in 0.00 ms.
Unloading 1102 Unused Serialized files (Serialized files now loaded: 0)
System memory in use before: 56.9 MB.
System memory in use after: 57.0 MB.

Unloading 6 unused Assets to reduce memory usage. Loaded Objects now: 1553.
Total: 9.416400 ms (FindLiveObjects: 0.633500 ms CreateObjectMapping: 0.270600 ms MarkObjects: 8.281100 ms  DeleteObjects: 0.172100 ms)

========================================================================
Received Prepare
Registering precompiled user dll's ...
Registered in 0.002918 seconds.
Begin MonoManager ReloadAssembly
Native extension for WindowsStandalone target not found
Refreshing native plugins compatible for Editor in 1.15 ms, found 0 plugins.
Preloading 0 native plugins for Editor in 0.00 ms.
Invoked RoslynAnalysisRunner static constructor.
RoslynAnalysisRunner will not be running.
RoslynAnalysisRunner has terminated.
Mono: successfully reloaded assembly
- Completed reload, in  4.472 seconds
Platform modules already initialized, skipping
Refreshing native plugins compatible for Editor in 1.11 ms, found 0 plugins.
Preloading 0 native plugins for Editor in 0.00 ms.
Unloading 1102 Unused Serialized files (Serialized files now loaded: 0)
System memory in use before: 56.9 MB.
System memory in use after: 57.0 MB.

Unloading 6 unused Assets to reduce memory usage. Loaded Objects now: 1555.
Total: 9.614500 ms (FindLiveObjects: 0.560800 ms CreateObjectMapping: 0.236800 ms MarkObjects: 8.652000 ms  DeleteObjects: 0.160900 ms)

========================================================================
Received Prepare
Registering precompiled user dll's ...
Registered in 0.002084 seconds.
Begin MonoManager ReloadAssembly
Native extension for WindowsStandalone target not found
Refreshing native plugins compatible for Editor in 1.17 ms, found 0 plugins.
Preloading 0 native plugins for Editor in 0.00 ms.
Invoked RoslynAnalysisRunner static constructor.
RoslynAnalysisRunner will not be running.
RoslynAnalysisRunner has terminated.
Mono: successfully reloaded assembly
- Completed reload, in  4.900 seconds
Platform modules already initialized, skipping
Refreshing native plugins compatible for Editor in 0.75 ms, found 0 plugins.
Preloading 0 native plugins for Editor in 0.00 ms.
Unloading 1102 Unused Serialized files (Serialized files now loaded: 0)
System memory in use before: 57.0 MB.
System memory in use after: 57.1 MB.

Unloading 6 unused Assets to reduce memory usage. Loaded Objects now: 1557.
Total: 7.681700 ms (FindLiveObjects: 0.451400 ms CreateObjectMapping: 0.126700 ms MarkObjects: 6.893100 ms  DeleteObjects: 0.206300 ms)

========================================================================
Received Prepare
Registering precompiled user dll's ...
Registered in 0.003416 seconds.
Begin MonoManager ReloadAssembly
Native extension for WindowsStandalone target not found
Refreshing native plugins compatible for Editor in 1.15 ms, found 0 plugins.
Preloading 0 native plugins for Editor in 0.00 ms.
Invoked RoslynAnalysisRunner static constructor.
RoslynAnalysisRunner will not be running.
RoslynAnalysisRunner has terminated.
Mono: successfully reloaded assembly
- Completed reload, in  5.110 seconds
Platform modules already initialized, skipping
Refreshing native plugins compatible for Editor in 1.10 ms, found 0 plugins.
Preloading 0 native plugins for Editor in 0.00 ms.
Unloading 1102 Unused Serialized files (Serialized files now loaded: 0)
System memory in use before: 57.0 MB.
System memory in use after: 57.1 MB.

Unloading 6 unused Assets to reduce memory usage. Loaded Objects now: 1559.
Total: 19.977000 ms (FindLiveObjects: 0.526600 ms CreateObjectMapping: 0.196700 ms MarkObjects: 19.026200 ms  DeleteObjects: 0.221600 ms)

========================================================================
Received Prepare
Registering precompiled user dll's ...
Registered in 0.003182 seconds.
Begin MonoManager ReloadAssembly
Native extension for WindowsStandalone target not found
Refreshing native plugins compatible for Editor in 0.91 ms, found 0 plugins.
Preloading 0 native plugins for Editor in 0.00 ms.
Invoked RoslynAnalysisRunner static constructor.
RoslynAnalysisRunner will not be running.
RoslynAnalysisRunner has terminated.
Mono: successfully reloaded assembly
- Completed reload, in  4.817 seconds
Platform modules already initialized, skipping
Refreshing native plugins compatible for Editor in 0.80 ms, found 0 plugins.
Preloading 0 native plugins for Editor in 0.00 ms.
Unloading 1102 Unused Serialized files (Serialized files now loaded: 0)
System memory in use before: 57.0 MB.
System memory in use after: 57.1 MB.

Unloading 6 unused Assets to reduce memory usage. Loaded Objects now: 1561.
Total: 7.003000 ms (FindLiveObjects: 0.551100 ms CreateObjectMapping: 0.221800 ms MarkObjects: 6.012800 ms  DeleteObjects: 0.213600 ms)

========================================================================
Received Prepare
Registering precompiled user dll's ...
Registered in 0.002921 seconds.
Begin MonoManager ReloadAssembly
Native extension for WindowsStandalone target not found
Refreshing native plugins compatible for Editor in 0.91 ms, found 0 plugins.
Preloading 0 native plugins for Editor in 0.00 ms.
Invoked RoslynAnalysisRunner static constructor.
RoslynAnalysisRunner will not be running.
RoslynAnalysisRunner has terminated.
Mono: successfully reloaded assembly
- Completed reload, in  4.576 seconds
Platform modules already initialized, skipping
Refreshing native plugins compatible for Editor in 1.12 ms, found 0 plugins.
Preloading 0 native plugins for Editor in 0.00 ms.
Unloading 1102 Unused Serialized files (Serialized files now loaded: 0)
System memory in use before: 57.0 MB.
System memory in use after: 57.1 MB.

Unloading 6 unused Assets to reduce memory usage. Loaded Objects now: 1563.
Total: 7.707100 ms (FindLiveObjects: 0.577400 ms CreateObjectMapping: 0.193500 ms MarkObjects: 6.703200 ms  DeleteObjects: 0.227400 ms)

========================================================================
Received Prepare
Registering precompiled user dll's ...
Registered in 0.002789 seconds.
Begin MonoManager ReloadAssembly
Native extension for WindowsStandalone target not found
Refreshing native plugins compatible for Editor in 1.19 ms, found 0 plugins.
Preloading 0 native plugins for Editor in 0.00 ms.
Invoked RoslynAnalysisRunner static constructor.
RoslynAnalysisRunner will not be running.
RoslynAnalysisRunner has terminated.
Mono: successfully reloaded assembly
- Completed reload, in  4.955 seconds
Platform modules already initialized, skipping
Refreshing native plugins compatible for Editor in 0.72 ms, found 0 plugins.
Preloading 0 native plugins for Editor in 0.00 ms.
Unloading 1102 Unused Serialized files (Serialized files now loaded: 0)
System memory in use before: 57.0 MB.
System memory in use after: 57.1 MB.

Unloading 6 unused Assets to reduce memory usage. Loaded Objects now: 1565.
Total: 6.725900 ms (FindLiveObjects: 0.355700 ms CreateObjectMapping: 0.125500 ms MarkObjects: 6.018200 ms  DeleteObjects: 0.221800 ms)

========================================================================
Received Prepare
Registering precompiled user dll's ...
Registered in 0.002823 seconds.
Begin MonoManager ReloadAssembly
Native extension for WindowsStandalone target not found
Refreshing native plugins compatible for Editor in 0.83 ms, found 0 plugins.
Preloading 0 native plugins for Editor in 0.00 ms.
Invoked RoslynAnalysisRunner static constructor.
RoslynAnalysisRunner will not be running.
RoslynAnalysisRunner has terminated.
Mono: successfully reloaded assembly
- Completed reload, in  4.336 seconds
Platform modules already initialized, skipping
Refreshing native plugins compatible for Editor in 0.74 ms, found 0 plugins.
Preloading 0 native plugins for Editor in 0.00 ms.
Unloading 1102 Unused Serialized files (Serialized files now loaded: 0)
System memory in use before: 57.0 MB.
System memory in use after: 57.1 MB.

Unloading 6 unused Assets to reduce memory usage. Loaded Objects now: 1567.
Total: 8.324700 ms (FindLiveObjects: 0.752100 ms CreateObjectMapping: 0.212500 ms MarkObjects: 7.154400 ms  DeleteObjects: 0.202000 ms)

========================================================================
Received Prepare
Registering precompiled user dll's ...
Registered in 0.002722 seconds.
Begin MonoManager ReloadAssembly
Native extension for WindowsStandalone target not found
Refreshing native plugins compatible for Editor in 0.77 ms, found 0 plugins.
Preloading 0 native plugins for Editor in 0.00 ms.
Invoked RoslynAnalysisRunner static constructor.
RoslynAnalysisRunner will not be running.
RoslynAnalysisRunner has terminated.
Mono: successfully reloaded assembly
- Completed reload, in  5.294 seconds
Platform modules already initialized, skipping
Refreshing native plugins compatible for Editor in 2.51 ms, found 0 plugins.
Preloading 0 native plugins for Editor in 0.00 ms.
Unloading 1102 Unused Serialized files (Serialized files now loaded: 0)
System memory in use before: 57.0 MB.
System memory in use after: 57.1 MB.

Unloading 6 unused Assets to reduce memory usage. Loaded Objects now: 1569.
Total: 6.859300 ms (FindLiveObjects: 0.434300 ms CreateObjectMapping: 0.129000 ms MarkObjects: 6.096400 ms  DeleteObjects: 0.195500 ms)

========================================================================
Received Prepare
Registering precompiled user dll's ...
Registered in 0.003162 seconds.
Begin MonoManager ReloadAssembly
Native extension for WindowsStandalone target not found
Refreshing native plugins compatible for Editor in 0.74 ms, found 0 plugins.
Preloading 0 native plugins for Editor in 0.00 ms.
Invoked RoslynAnalysisRunner static constructor.
RoslynAnalysisRunner will not be running.
RoslynAnalysisRunner has terminated.
Mono: successfully reloaded assembly
- Completed reload, in  4.176 seconds
Platform modules already initialized, skipping
Refreshing native plugins compatible for Editor in 0.72 ms, found 0 plugins.
Preloading 0 native plugins for Editor in 0.00 ms.
Unloading 1102 Unused Serialized files (Serialized files now loaded: 0)
System memory in use before: 57.0 MB.
System memory in use after: 57.1 MB.

Unloading 6 unused Assets to reduce memory usage. Loaded Objects now: 1571.
Total: 7.822600 ms (FindLiveObjects: 0.583500 ms CreateObjectMapping: 0.206300 ms MarkObjects: 6.800800 ms  DeleteObjects: 0.226800 ms)

========================================================================
Received Prepare
Registering precompiled user dll's ...
Registered in 0.002185 seconds.
Begin MonoManager ReloadAssembly
Native extension for WindowsStandalone target not found
Refreshing native plugins compatible for Editor in 1.19 ms, found 0 plugins.
Preloading 0 native plugins for Editor in 0.00 ms.
Invoked RoslynAnalysisRunner static constructor.
RoslynAnalysisRunner will not be running.
RoslynAnalysisRunner has terminated.
Mono: successfully reloaded assembly
- Completed reload, in  5.660 seconds
Platform modules already initialized, skipping
Refreshing native plugins compatible for Editor in 1.00 ms, found 0 plugins.
Preloading 0 native plugins for Editor in 0.00 ms.
Unloading 1102 Unused Serialized files (Serialized files now loaded: 0)
System memory in use before: 57.0 MB.
System memory in use after: 57.1 MB.

Unloading 6 unused Assets to reduce memory usage. Loaded Objects now: 1573.
Total: 10.193500 ms (FindLiveObjects: 0.853300 ms CreateObjectMapping: 0.278000 ms MarkObjects: 8.708400 ms  DeleteObjects: 0.348100 ms)

========================================================================
Received Prepare
Registering precompiled user dll's ...
Registered in 0.003140 seconds.
Begin MonoManager ReloadAssembly
Native extension for WindowsStandalone target not found
Refreshing native plugins compatible for Editor in 5.01 ms, found 0 plugins.
Preloading 0 native plugins for Editor in 0.00 ms.
Invoked RoslynAnalysisRunner static constructor.
RoslynAnalysisRunner will not be running.
RoslynAnalysisRunner has terminated.
Mono: successfully reloaded assembly
- Completed reload, in  6.404 seconds
Platform modules already initialized, skipping
Refreshing native plugins compatible for Editor in 0.78 ms, found 0 plugins.
Preloading 0 native plugins for Editor in 0.00 ms.
Unloading 1102 Unused Serialized files (Serialized files now loaded: 0)
System memory in use before: 57.0 MB.
System memory in use after: 57.1 MB.

Unloading 6 unused Assets to reduce memory usage. Loaded Objects now: 1575.
Total: 5.936400 ms (FindLiveObjects: 0.359900 ms CreateObjectMapping: 0.125300 ms MarkObjects: 5.186300 ms  DeleteObjects: 0.261500 ms)

========================================================================
Received Import Request.
  Time since last request: 6315.784636 seconds.
  path: ProjectSettings/TagManager.asset
  artifactKey: Guid(00000000000000003000000000000000) Importer(815301076,1909f56bfc062723c751e8b465ee728b)
Start importing ProjectSettings/TagManager.asset using Guid(00000000000000003000000000000000) Importer(815301076,1909f56bfc062723c751e8b465ee728b)  -> (artifact id: '33b4fa1f36eed8a057942d59d083d7d0') in 0.152758 seconds
  Import took 0.267002 seconds .

========================================================================
Received Prepare
Registering precompiled user dll's ...
Registered in 0.003112 seconds.
Begin MonoManager ReloadAssembly
Native extension for WindowsStandalone target not found
Refreshing native plugins compatible for Editor in 1.16 ms, found 0 plugins.
Preloading 0 native plugins for Editor in 0.00 ms.
Invoked RoslynAnalysisRunner static constructor.
RoslynAnalysisRunner will not be running.
RoslynAnalysisRunner has terminated.
Mono: successfully reloaded assembly
- Completed reload, in  4.810 seconds
Platform modules already initialized, skipping
Refreshing native plugins compatible for Editor in 0.77 ms, found 0 plugins.
Preloading 0 native plugins for Editor in 0.00 ms.
Unloading 1102 Unused Serialized files (Serialized files now loaded: 0)
System memory in use before: 57.1 MB.
System memory in use after: 57.1 MB.

Unloading 7 unused Assets to reduce memory usage. Loaded Objects now: 1577.
Total: 7.385200 ms (FindLiveObjects: 0.452600 ms CreateObjectMapping: 0.175300 ms MarkObjects: 6.516600 ms  DeleteObjects: 0.234900 ms)

========================================================================
Received Prepare
Registering precompiled user dll's ...
Registered in 0.002228 seconds.
Begin MonoManager ReloadAssembly
Native extension for WindowsStandalone target not found
Refreshing native plugins compatible for Editor in 1.22 ms, found 0 plugins.
Preloading 0 native plugins for Editor in 0.00 ms.
Invoked RoslynAnalysisRunner static constructor.
RoslynAnalysisRunner will not be running.
RoslynAnalysisRunner has terminated.
Mono: successfully reloaded assembly
- Completed reload, in  5.338 seconds
Platform modules already initialized, skipping
Refreshing native plugins compatible for Editor in 1.13 ms, found 0 plugins.
Preloading 0 native plugins for Editor in 0.00 ms.
Unloading 1102 Unused Serialized files (Serialized files now loaded: 0)
System memory in use before: 57.1 MB.
System memory in use after: 57.1 MB.

Unloading 6 unused Assets to reduce memory usage. Loaded Objects now: 1579.
Total: 5.023000 ms (FindLiveObjects: 0.350300 ms CreateObjectMapping: 0.122400 ms MarkObjects: 4.391300 ms  DeleteObjects: 0.155600 ms)

========================================================================
Received Prepare
Registering precompiled user dll's ...
Registered in 0.002885 seconds.
Begin MonoManager ReloadAssembly
Native extension for WindowsStandalone target not found
Refreshing native plugins compatible for Editor in 1.43 ms, found 0 plugins.
Preloading 0 native plugins for Editor in 0.00 ms.
Invoked RoslynAnalysisRunner static constructor.
RoslynAnalysisRunner will not be running.
RoslynAnalysisRunner has terminated.
Mono: successfully reloaded assembly
- Completed reload, in  4.505 seconds
Platform modules already initialized, skipping
Refreshing native plugins compatible for Editor in 0.75 ms, found 0 plugins.
Preloading 0 native plugins for Editor in 0.00 ms.
Unloading 1102 Unused Serialized files (Serialized files now loaded: 0)
System memory in use before: 57.1 MB.
System memory in use after: 57.1 MB.

Unloading 6 unused Assets to reduce memory usage. Loaded Objects now: 1581.
Total: 9.308100 ms (FindLiveObjects: 0.550800 ms CreateObjectMapping: 0.223400 ms MarkObjects: 8.255600 ms  DeleteObjects: 0.272200 ms)

========================================================================
Received Prepare
Registering precompiled user dll's ...
Registered in 0.004751 seconds.
Begin MonoManager ReloadAssembly
Native extension for WindowsStandalone target not found
Refreshing native plugins compatible for Editor in 1.26 ms, found 0 plugins.
Preloading 0 native plugins for Editor in 0.00 ms.
Invoked RoslynAnalysisRunner static constructor.
RoslynAnalysisRunner will not be running.
RoslynAnalysisRunner has terminated.
Mono: successfully reloaded assembly
- Completed reload, in  6.491 seconds
Platform modules already initialized, skipping
Refreshing native plugins compatible for Editor in 1.32 ms, found 0 plugins.
Preloading 0 native plugins for Editor in 0.00 ms.
Unloading 1102 Unused Serialized files (Serialized files now loaded: 0)
System memory in use before: 57.1 MB.
System memory in use after: 57.1 MB.

Unloading 6 unused Assets to reduce memory usage. Loaded Objects now: 1583.
Total: 8.301500 ms (FindLiveObjects: 0.600300 ms CreateObjectMapping: 0.136200 ms MarkObjects: 7.314400 ms  DeleteObjects: 0.243300 ms)

AssetImportWorkerClient::OnTransportError - code=2 error=End of file
